<?xml version="1.0" encoding="UTF-8"?>
<!-- Generated by org.testng.reporters.JUnitReportReporter -->
<testsuite skipped="0" hostname="LAPTOP-3A8G0H8E" name="com.w2a.testcases.AddCustomerTest" tests="1" failures="0" timestamp="08 Mar 2020 14:54:19 GMT" time="3.670" errors="0">
  <testcase name="addCustomer" time="3.670" classname="com.w2a.testcases.AddCustomerTest"/>
</testsuite> <!-- com.w2a.testcases.AddCustomerTest -->
