<?xml version="1.0" encoding="UTF-8"?>
<!-- Generated by org.testng.reporters.JUnitReportReporter -->
<testsuite skipped="0" hostname="LAPTOP-3A8G0H8E" name="com.w2a.testcases.BankManagerLoginTest" tests="1" failures="0" timestamp="08 Mar 2020 14:54:19 GMT" time="0.700" errors="0">
  <testcase name="loginAsBankManager" time="0.700" classname="com.w2a.testcases.BankManagerLoginTest"/>
</testsuite> <!-- com.w2a.testcases.BankManagerLoginTest -->
