<?xml version="1.0" encoding="UTF-8"?>
<!-- Generated by org.testng.reporters.JUnitReportReporter -->
<testsuite skipped="0" hostname="LAPTOP-3A8G0H8E" name="com.w2a.testcases.LoginTest" tests="1" failures="0" timestamp="2020-03-07T15:37:10 EST" time="0.707" errors="0">
  <testcase name="loginAsBankManager" time="0.707" classname="com.w2a.testcases.LoginTest"/>
  <system-out/>
</testsuite> <!-- com.w2a.testcases.LoginTest -->
