<?xml version="1.0" encoding="UTF-8"?>
<!-- Generated by org.testng.reporters.JUnitReportReporter -->
<testsuite skipped="0" hostname="LAPTOP-3A8G0H8E" name="com.w2a.testcases.BankManagerLoginTest" tests="1" failures="0" timestamp="23 Mar 2020 17:56:24 GMT" time="4.157" errors="0">
  <testcase name="bankManagerLoginTest" time="4.157" classname="com.w2a.testcases.BankManagerLoginTest"/>
</testsuite> <!-- com.w2a.testcases.BankManagerLoginTest -->
