<?xml version="1.0" encoding="UTF-8"?>
<!-- Generated by org.testng.reporters.JUnitReportReporter -->
<testsuite skipped="1" hostname="LAPTOP-3A8G0H8E" name="com.w2a.testcases.AddCustomerTest" tests="3" failures="0" timestamp="23 Mar 2020 17:56:24 GMT" time="9.049" errors="0">
  <testcase name="addCustomerTest" time="0.000" classname="com.w2a.testcases.AddCustomerTest">
    <skipped/>
  </testcase> <!-- addCustomerTest -->
  <testcase name="addCustomerTest" time="4.280" classname="com.w2a.testcases.AddCustomerTest"/>
  <testcase name="addCustomerTest" time="4.769" classname="com.w2a.testcases.AddCustomerTest"/>
</testsuite> <!-- com.w2a.testcases.AddCustomerTest -->
